# JRE version: Java(TM) SE Runtime Environment (8.0_45-b14) (build 1.8.0_45-b14)
# Java VM: Java HotSpot(TM) 64-Bit Server VM (25.45-b02 mixed mode linux-amd64 compressed oops)
Heap:
 PSYoungGen      total 97792K, used 59544K [0x00000000e1780000, 0x00000000e8000000, 0x0000000100000000)
  eden space 91648K, 64% used [0x00000000e1780000,0x00000000e5136088,0x00000000e7100000)
  from space 6144K, 7% used [0x00000000e7780000,0x00000000e77f0000,0x00000000e7d80000)
  to   space 6656K, 0% used [0x00000000e7100000,0x00000000e7100000,0x00000000e7780000)
 ParOldGen       total 31232K, used 5226K [0x00000000a4600000, 0x00000000a6480000, 0x00000000e1780000)
  object space 31232K, 16% used [0x00000000a4600000,0x00000000a4b1aa40,0x00000000a6480000)
 Metaspace       used 25553K, capacity 25864K, committed 26112K, reserved 1071104K
  class space    used 3730K, capacity 3821K, committed 3840K, reserved 1048576K
GC Heap History (10 events):
Event: 34.204 GC heap before
{Heap before GC invocations=3 (full 0):
 PSYoungGen      total 27648K, used 9678K [0x00000000e1780000, 0x00000000e4d80000, 0x0000000100000000)
  eden space 24064K, 25% used [0x00000000e1780000,0x00000000e1d77a38,0x00000000e2f00000)
  from space 3584K, 99% used [0x00000000e4a00000,0x00000000e4d7c070,0x00000000e4d80000)
  to   space 3584K, 0% used [0x00000000e2f00000,0x00000000e2f00000,0x00000000e3280000)
 ParOldGen       total 62976K, used 1923K [0x00000000a4600000, 0x00000000a8380000, 0x00000000e1780000)
  object space 62976K, 3% used [0x00000000a4600000,0x00000000a47e0fc8,0x00000000a8380000)
 Metaspace       used 20925K, capacity 21146K, committed 21248K, reserved 1067008K
  class space    used 2735K, capacity 2816K, committed 2816K, reserved 1048576K
Event: 34.212 GC heap after
Heap after GC invocations=3 (full 0):
 PSYoungGen      total 27648K, used 3552K [0x00000000e1780000, 0x00000000e4d80000, 0x0000000100000000)
  eden space 24064K, 0% used [0x00000000e1780000,0x00000000e1780000,0x00000000e2f00000)
  from space 3584K, 99% used [0x00000000e2f00000,0x00000000e3278080,0x00000000e3280000)
  to   space 3584K, 0% used [0x00000000e4a00000,0x00000000e4a00000,0x00000000e4d80000)
 ParOldGen       total 62976K, used 2746K [0x00000000a4600000, 0x00000000a8380000, 0x00000000e1780000)
  object space 62976K, 4% used [0x00000000a4600000,0x00000000a48aebe0,0x00000000a8380000)
 Metaspace       used 20925K, capacity 21146K, committed 21248K, reserved 1067008K
  class space    used 2735K, capacity 2816K, committed 2816K, reserved 1048576K
}
Event: 34.212 GC heap before
{Heap before GC invocations=4 (full 1):
 PSYoungGen      total 27648K, used 3552K [0x00000000e1780000, 0x00000000e4d80000, 0x0000000100000000)
  eden space 24064K, 0% used [0x00000000e1780000,0x00000000e1780000,0x00000000e2f00000)
  from space 3584K, 99% used [0x00000000e2f00000,0x00000000e3278080,0x00000000e3280000)
  to   space 3584K, 0% used [0x00000000e4a00000,0x00000000e4a00000,0x00000000e4d80000)
 ParOldGen       total 62976K, used 2746K [0x00000000a4600000, 0x00000000a8380000, 0x00000000e1780000)
  object space 62976K, 4% used [0x00000000a4600000,0x00000000a48aebe0,0x00000000a8380000)
 Metaspace       used 20925K, capacity 21146K, committed 21248K, reserved 1067008K
  class space    used 2735K, capacity 2816K, committed 2816K, reserved 1048576K
Event: 34.253 GC heap after
Heap after GC invocations=4 (full 1):
 PSYoungGen      total 27648K, used 0K [0x00000000e1780000, 0x00000000e4d80000, 0x0000000100000000)
  eden space 24064K, 0% used [0x00000000e1780000,0x00000000e1780000,0x00000000e2f00000)
  from space 3584K, 0% used [0x00000000e2f00000,0x00000000e2f00000,0x00000000e3280000)
  to   space 3584K, 0% used [0x00000000e4a00000,0x00000000e4a00000,0x00000000e4d80000)
 ParOldGen       total 31232K, used 4968K [0x00000000a4600000, 0x00000000a6480000, 0x00000000e1780000)
  object space 31232K, 15% used [0x00000000a4600000,0x00000000a4ada340,0x00000000a6480000)
 Metaspace       used 20925K, capacity 21146K, committed 21248K, reserved 1067008K
  class space    used 2735K, capacity 2816K, committed 2816K, reserved 1048576K
}
Event: 34.560 GC heap before
{Heap before GC invocations=5 (full 1):
 PSYoungGen      total 27648K, used 24064K [0x00000000e1780000, 0x00000000e4d80000, 0x0000000100000000)
  eden space 24064K, 100% used [0x00000000e1780000,0x00000000e2f00000,0x00000000e2f00000)
  from space 3584K, 0% used [0x00000000e2f00000,0x00000000e2f00000,0x00000000e3280000)
  to   space 3584K, 0% used [0x00000000e4a00000,0x00000000e4a00000,0x00000000e4d80000)
 ParOldGen       total 31232K, used 4968K [0x00000000a4600000, 0x00000000a6480000, 0x00000000e1780000)
  object space 31232K, 15% used [0x00000000a4600000,0x00000000a4ada340,0x00000000a6480000)
 Metaspace       used 24404K, capacity 24698K, committed 25088K, reserved 1071104K
  class space    used 3655K, capacity 3744K, committed 3840K, reserved 1048576K
Event: 34.564 GC heap after
Heap after GC invocations=5 (full 1):
 PSYoungGen      total 50688K, used 3570K [0x00000000e1780000, 0x00000000e4d80000, 0x0000000100000000)
  eden space 47104K, 0% used [0x00000000e1780000,0x00000000e1780000,0x00000000e4580000)
  from space 3584K, 99% used [0x00000000e4a00000,0x00000000e4d7cb50,0x00000000e4d80000)
  to   space 3584K, 0% used [0x00000000e4680000,0x00000000e4680000,0x00000000e4a00000)
 ParOldGen       total 31232K, used 5226K [0x00000000a4600000, 0x00000000a6480000, 0x00000000e1780000)
  object space 31232K, 16% used [0x00000000a4600000,0x00000000a4b1aa40,0x00000000a6480000)
 Metaspace       used 24404K, capacity 24698K, committed 25088K, reserved 1071104K
  class space    used 3655K, capacity 3744K, committed 3840K, reserved 1048576K
}
Event: 34.831 GC heap before
{Heap before GC invocations=6 (full 1):
 PSYoungGen      total 50688K, used 50674K [0x00000000e1780000, 0x00000000e4d80000, 0x0000000100000000)
  eden space 47104K, 100% used [0x00000000e1780000,0x00000000e4580000,0x00000000e4580000)
  from space 3584K, 99% used [0x00000000e4a00000,0x00000000e4d7cb50,0x00000000e4d80000)
  to   space 3584K, 0% used [0x00000000e4680000,0x00000000e4680000,0x00000000e4a00000)
 ParOldGen       total 31232K, used 5226K [0x00000000a4600000, 0x00000000a6480000, 0x00000000e1780000)
  object space 31232K, 16% used [0x00000000a4600000,0x00000000a4b1aa40,0x00000000a6480000)
 Metaspace       used 24420K, capacity 24698K, committed 25088K, reserved 1071104K
  class space    used 3655K, capacity 3744K, committed 3840K, reserved 1048576K
Event: 34.834 GC heap after
Heap after GC invocations=6 (full 1):
 PSYoungGen      total 51712K, used 464K [0x00000000e1780000, 0x00000000e7d80000, 0x0000000100000000)
  eden space 48128K, 0% used [0x00000000e1780000,0x00000000e1780000,0x00000000e4680000)
  from space 3584K, 12% used [0x00000000e4680000,0x00000000e46f4010,0x00000000e4a00000)
  to   space 6144K, 0% used [0x00000000e7780000,0x00000000e7780000,0x00000000e7d80000)
 ParOldGen       total 31232K, used 5226K [0x00000000a4600000, 0x00000000a6480000, 0x00000000e1780000)
  object space 31232K, 16% used [0x00000000a4600000,0x00000000a4b1aa40,0x00000000a6480000)
 Metaspace       used 24420K, capacity 24698K, committed 25088K, reserved 1071104K
  class space    used 3655K, capacity 3744K, committed 3840K, reserved 1048576K
}
Event: 35.020 GC heap before
{Heap before GC invocations=7 (full 1):
 PSYoungGen      total 51712K, used 48592K [0x00000000e1780000, 0x00000000e7d80000, 0x0000000100000000)
  eden space 48128K, 100% used [0x00000000e1780000,0x00000000e4680000,0x00000000e4680000)
  from space 3584K, 12% used [0x00000000e4680000,0x00000000e46f4010,0x00000000e4a00000)
  to   space 6144K, 0% used [0x00000000e7780000,0x00000000e7780000,0x00000000e7d80000)
 ParOldGen       total 31232K, used 5226K [0x00000000a4600000, 0x00000000a6480000, 0x00000000e1780000)
  object space 31232K, 16% used [0x00000000a4600000,0x00000000a4b1aa40,0x00000000a6480000)
 Metaspace       used 24427K, capacity 24698K, committed 25088K, reserved 1071104K
  class space    used 3655K, capacity 3744K, committed 3840K, reserved 1048576K
Event: 35.022 GC heap after
Heap after GC invocations=7 (full 1):
 PSYoungGen      total 97792K, used 448K [0x00000000e1780000, 0x00000000e8000000, 0x0000000100000000)
  eden space 91648K, 0% used [0x00000000e1780000,0x00000000e1780000,0x00000000e7100000)
  from space 6144K, 7% used [0x00000000e7780000,0x00000000e77f0000,0x00000000e7d80000)
  to   space 6656K, 0% used [0x00000000e7100000,0x00000000e7100000,0x00000000e7780000)
 ParOldGen       total 31232K, used 5226K [0x00000000a4600000, 0x00000000a6480000, 0x00000000e1780000)
  object space 31232K, 16% used [0x00000000a4600000,0x00000000a4b1aa40,0x00000000a6480000)
 Metaspace       used 24427K, capacity 24698K, committed 25088K, reserved 1071104K
  class space    used 3655K, capacity 3744K, committed 3840K, reserved 1048576K
}

