# JRE version: Java(TM) SE Runtime Environment (8.0_45-b14) (build 1.8.0_45-b14)
# Java VM: Java HotSpot(TM) 64-Bit Server VM (25.45-b02 mixed mode linux-amd64 compressed oops)
Heap:
 PSYoungGen      total 87552K, used 49895K [0x00000000e1780000, 0x00000000e7a00000, 0x0000000100000000)
  eden space 81408K, 60% used [0x00000000e1780000,0x00000000e47c9e20,0x00000000e6700000)
  from space 6144K, 7% used [0x00000000e6d80000,0x00000000e6df0020,0x00000000e7380000)
  to   space 6656K, 0% used [0x00000000e6700000,0x00000000e6700000,0x00000000e6d80000)
 ParOldGen       total 34304K, used 5150K [0x00000000a4600000, 0x00000000a6780000, 0x00000000e1780000)
  object space 34304K, 15% used [0x00000000a4600000,0x00000000a4b07b20,0x00000000a6780000)
 Metaspace       used 25242K, capacity 25570K, committed 25904K, reserved 1071104K
  class space    used 3703K, capacity 3788K, committed 3888K, reserved 1048576K
GC Heap History (10 events):
Event: 12.723 GC heap before
{Heap before GC invocations=3 (full 0):
 PSYoungGen      total 27648K, used 11262K [0x00000000e1780000, 0x00000000e3600000, 0x0000000100000000)
  eden space 24064K, 32% used [0x00000000e1780000,0x00000000e1f07180,0x00000000e2f00000)
  from space 3584K, 99% used [0x00000000e3280000,0x00000000e35f8890,0x00000000e3600000)
  to   space 3584K, 0% used [0x00000000e2f00000,0x00000000e2f00000,0x00000000e3280000)
 ParOldGen       total 62976K, used 1954K [0x00000000a4600000, 0x00000000a8380000, 0x00000000e1780000)
  object space 62976K, 3% used [0x00000000a4600000,0x00000000a47e8828,0x00000000a8380000)
 Metaspace       used 20988K, capacity 21178K, committed 21296K, reserved 1067008K
  class space    used 2760K, capacity 2848K, committed 2864K, reserved 1048576K
Event: 12.729 GC heap after
Heap after GC invocations=3 (full 0):
 PSYoungGen      total 27648K, used 3554K [0x00000000e1780000, 0x00000000e4d80000, 0x0000000100000000)
  eden space 24064K, 0% used [0x00000000e1780000,0x00000000e1780000,0x00000000e2f00000)
  from space 3584K, 99% used [0x00000000e2f00000,0x00000000e3278870,0x00000000e3280000)
  to   space 3584K, 0% used [0x00000000e4a00000,0x00000000e4a00000,0x00000000e4d80000)
 ParOldGen       total 62976K, used 2965K [0x00000000a4600000, 0x00000000a8380000, 0x00000000e1780000)
  object space 62976K, 4% used [0x00000000a4600000,0x00000000a48e5618,0x00000000a8380000)
 Metaspace       used 20988K, capacity 21178K, committed 21296K, reserved 1067008K
  class space    used 2760K, capacity 2848K, committed 2864K, reserved 1048576K
}
Event: 12.730 GC heap before
{Heap before GC invocations=4 (full 1):
 PSYoungGen      total 27648K, used 3554K [0x00000000e1780000, 0x00000000e4d80000, 0x0000000100000000)
  eden space 24064K, 0% used [0x00000000e1780000,0x00000000e1780000,0x00000000e2f00000)
  from space 3584K, 99% used [0x00000000e2f00000,0x00000000e3278870,0x00000000e3280000)
  to   space 3584K, 0% used [0x00000000e4a00000,0x00000000e4a00000,0x00000000e4d80000)
 ParOldGen       total 62976K, used 2965K [0x00000000a4600000, 0x00000000a8380000, 0x00000000e1780000)
  object space 62976K, 4% used [0x00000000a4600000,0x00000000a48e5618,0x00000000a8380000)
 Metaspace       used 20988K, capacity 21178K, committed 21296K, reserved 1067008K
  class space    used 2760K, capacity 2848K, committed 2864K, reserved 1048576K
Event: 12.775 GC heap after
Heap after GC invocations=4 (full 1):
 PSYoungGen      total 27648K, used 0K [0x00000000e1780000, 0x00000000e4d80000, 0x0000000100000000)
  eden space 24064K, 0% used [0x00000000e1780000,0x00000000e1780000,0x00000000e2f00000)
  from space 3584K, 0% used [0x00000000e2f00000,0x00000000e2f00000,0x00000000e3280000)
  to   space 3584K, 0% used [0x00000000e4a00000,0x00000000e4a00000,0x00000000e4d80000)
 ParOldGen       total 34304K, used 5150K [0x00000000a4600000, 0x00000000a6780000, 0x00000000e1780000)
  object space 34304K, 15% used [0x00000000a4600000,0x00000000a4b07b20,0x00000000a6780000)
 Metaspace       used 20988K, capacity 21178K, committed 21296K, reserved 1067008K
  class space    used 2760K, capacity 2848K, committed 2864K, reserved 1048576K
}
Event: 13.120 GC heap before
{Heap before GC invocations=5 (full 1):
 PSYoungGen      total 27648K, used 24064K [0x00000000e1780000, 0x00000000e4d80000, 0x0000000100000000)
  eden space 24064K, 100% used [0x00000000e1780000,0x00000000e2f00000,0x00000000e2f00000)
  from space 3584K, 0% used [0x00000000e2f00000,0x00000000e2f00000,0x00000000e3280000)
  to   space 3584K, 0% used [0x00000000e4a00000,0x00000000e4a00000,0x00000000e4d80000)
 ParOldGen       total 34304K, used 5150K [0x00000000a4600000, 0x00000000a6780000, 0x00000000e1780000)
  object space 34304K, 15% used [0x00000000a4600000,0x00000000a4b07b20,0x00000000a6780000)
 Metaspace       used 24314K, capacity 24570K, committed 24752K, reserved 1071104K
  class space    used 3650K, capacity 3744K, committed 3760K, reserved 1048576K
Event: 13.124 GC heap after
Heap after GC invocations=5 (full 1):
 PSYoungGen      total 48128K, used 3526K [0x00000000e1780000, 0x00000000e4d80000, 0x0000000100000000)
  eden space 44544K, 0% used [0x00000000e1780000,0x00000000e1780000,0x00000000e4300000)
  from space 3584K, 98% used [0x00000000e4a00000,0x00000000e4d71970,0x00000000e4d80000)
  to   space 3584K, 0% used [0x00000000e4680000,0x00000000e4680000,0x00000000e4a00000)
 ParOldGen       total 34304K, used 5150K [0x00000000a4600000, 0x00000000a6780000, 0x00000000e1780000)
  object space 34304K, 15% used [0x00000000a4600000,0x00000000a4b07b20,0x00000000a6780000)
 Metaspace       used 24314K, capacity 24570K, committed 24752K, reserved 1071104K
  class space    used 3650K, capacity 3744K, committed 3760K, reserved 1048576K
}
Event: 13.400 GC heap before
{Heap before GC invocations=6 (full 1):
 PSYoungGen      total 48128K, used 48070K [0x00000000e1780000, 0x00000000e4d80000, 0x0000000100000000)
  eden space 44544K, 100% used [0x00000000e1780000,0x00000000e4300000,0x00000000e4300000)
  from space 3584K, 98% used [0x00000000e4a00000,0x00000000e4d71970,0x00000000e4d80000)
  to   space 3584K, 0% used [0x00000000e4680000,0x00000000e4680000,0x00000000e4a00000)
 ParOldGen       total 34304K, used 5150K [0x00000000a4600000, 0x00000000a6780000, 0x00000000e1780000)
  object space 34304K, 15% used [0x00000000a4600000,0x00000000a4b07b20,0x00000000a6780000)
 Metaspace       used 24332K, capacity 24570K, committed 24752K, reserved 1071104K
  class space    used 3650K, capacity 3744K, committed 3760K, reserved 1048576K
Event: 13.403 GC heap after
Heap after GC invocations=6 (full 1):
 PSYoungGen      total 51712K, used 432K [0x00000000e1780000, 0x00000000e7380000, 0x0000000100000000)
  eden space 48128K, 0% used [0x00000000e1780000,0x00000000e1780000,0x00000000e4680000)
  from space 3584K, 12% used [0x00000000e4680000,0x00000000e46ec010,0x00000000e4a00000)
  to   space 6144K, 0% used [0x00000000e6d80000,0x00000000e6d80000,0x00000000e7380000)
 ParOldGen       total 34304K, used 5150K [0x00000000a4600000, 0x00000000a6780000, 0x00000000e1780000)
  object space 34304K, 15% used [0x00000000a4600000,0x00000000a4b07b20,0x00000000a6780000)
 Metaspace       used 24332K, capacity 24570K, committed 24752K, reserved 1071104K
  class space    used 3650K, capacity 3744K, committed 3760K, reserved 1048576K
}
Event: 13.595 GC heap before
{Heap before GC invocations=7 (full 1):
 PSYoungGen      total 51712K, used 48560K [0x00000000e1780000, 0x00000000e7380000, 0x0000000100000000)
  eden space 48128K, 100% used [0x00000000e1780000,0x00000000e4680000,0x00000000e4680000)
  from space 3584K, 12% used [0x00000000e4680000,0x00000000e46ec010,0x00000000e4a00000)
  to   space 6144K, 0% used [0x00000000e6d80000,0x00000000e6d80000,0x00000000e7380000)
 ParOldGen       total 34304K, used 5150K [0x00000000a4600000, 0x00000000a6780000, 0x00000000e1780000)
  object space 34304K, 15% used [0x00000000a4600000,0x00000000a4b07b20,0x00000000a6780000)
 Metaspace       used 24342K, capacity 24570K, committed 24752K, reserved 1071104K
  class space    used 3650K, capacity 3744K, committed 3760K, reserved 1048576K
Event: 13.597 GC heap after
Heap after GC invocations=7 (full 1):
 PSYoungGen      total 87552K, used 448K [0x00000000e1780000, 0x00000000e7a00000, 0x0000000100000000)
  eden space 81408K, 0% used [0x00000000e1780000,0x00000000e1780000,0x00000000e6700000)
  from space 6144K, 7% used [0x00000000e6d80000,0x00000000e6df0020,0x00000000e7380000)
  to   space 6656K, 0% used [0x00000000e6700000,0x00000000e6700000,0x00000000e6d80000)
 ParOldGen       total 34304K, used 5150K [0x00000000a4600000, 0x00000000a6780000, 0x00000000e1780000)
  object space 34304K, 15% used [0x00000000a4600000,0x00000000a4b07b20,0x00000000a6780000)
 Metaspace       used 24342K, capacity 24570K, committed 24752K, reserved 1071104K
  class space    used 3650K, capacity 3744K, committed 3760K, reserved 1048576K
}

