# JRE version: Java(TM) SE Runtime Environment (8.0_40-b25) (build 1.8.0_40-b25)
# Java VM: Java HotSpot(TM) 64-Bit Server VM (25.40-b25 mixed mode linux-amd64 compressed oops)
Heap:
 PSYoungGen      total 27648K, used 12207K [0x00000000e1780000, 0x00000000e3600000, 0x0000000100000000)
  eden space 24064K, 35% used [0x00000000e1780000,0x00000000e1fef3b0,0x00000000e2f00000)
  from space 3584K, 99% used [0x00000000e3280000,0x00000000e35fc880,0x00000000e3600000)
  to   space 3584K, 0% used [0x00000000e2f00000,0x00000000e2f00000,0x00000000e3280000)
 ParOldGen       total 62976K, used 1570K [0x00000000a4600000, 0x00000000a8380000, 0x00000000e1780000)
  object space 62976K, 2% used [0x00000000a4600000,0x00000000a47889e8,0x00000000a8380000)
 Metaspace       used 20397K, capacity 20682K, committed 20864K, reserved 1067008K
  class space    used 2599K, capacity 2688K, committed 2688K, reserved 1048576K
GC Heap History (4 events):
Event: 1.665 GC heap before
{Heap before GC invocations=1 (full 0):
 PSYoungGen      total 27648K, used 24064K [0x00000000e1780000, 0x00000000e3600000, 0x0000000100000000)
  eden space 24064K, 100% used [0x00000000e1780000,0x00000000e2f00000,0x00000000e2f00000)
  from space 3584K, 0% used [0x00000000e3280000,0x00000000e3280000,0x00000000e3600000)
  to   space 3584K, 0% used [0x00000000e2f00000,0x00000000e2f00000,0x00000000e3280000)
 ParOldGen       total 62976K, used 0K [0x00000000a4600000, 0x00000000a8380000, 0x00000000e1780000)
  object space 62976K, 0% used [0x00000000a4600000,0x00000000a4600000,0x00000000a8380000)
 Metaspace       used 11547K, capacity 11676K, committed 11904K, reserved 1060864K
  class space    used 1330K, capacity 1402K, committed 1408K, reserved 1048576K
Event: 1.673 GC heap after
Heap after GC invocations=1 (full 0):
 PSYoungGen      total 27648K, used 3572K [0x00000000e1780000, 0x00000000e3600000, 0x0000000100000000)
  eden space 24064K, 0% used [0x00000000e1780000,0x00000000e1780000,0x00000000e2f00000)
  from space 3584K, 99% used [0x00000000e2f00000,0x00000000e327d238,0x00000000e3280000)
  to   space 3584K, 0% used [0x00000000e3280000,0x00000000e3280000,0x00000000e3600000)
 ParOldGen       total 62976K, used 686K [0x00000000a4600000, 0x00000000a8380000, 0x00000000e1780000)
  object space 62976K, 1% used [0x00000000a4600000,0x00000000a46ab998,0x00000000a8380000)
 Metaspace       used 11547K, capacity 11676K, committed 11904K, reserved 1060864K
  class space    used 1330K, capacity 1402K, committed 1408K, reserved 1048576K
}
Event: 50.595 GC heap before
{Heap before GC invocations=2 (full 0):
 PSYoungGen      total 27648K, used 27636K [0x00000000e1780000, 0x00000000e3600000, 0x0000000100000000)
  eden space 24064K, 100% used [0x00000000e1780000,0x00000000e2f00000,0x00000000e2f00000)
  from space 3584K, 99% used [0x00000000e2f00000,0x00000000e327d238,0x00000000e3280000)
  to   space 3584K, 0% used [0x00000000e3280000,0x00000000e3280000,0x00000000e3600000)
 ParOldGen       total 62976K, used 686K [0x00000000a4600000, 0x00000000a8380000, 0x00000000e1780000)
  object space 62976K, 1% used [0x00000000a4600000,0x00000000a46ab998,0x00000000a8380000)
 Metaspace       used 20018K, capacity 20260K, committed 20352K, reserved 1067008K
  class space    used 2560K, capacity 2655K, committed 2688K, reserved 1048576K
Event: 50.611 GC heap after
Heap after GC invocations=2 (full 0):
 PSYoungGen      total 27648K, used 3570K [0x00000000e1780000, 0x00000000e3600000, 0x0000000100000000)
  eden space 24064K, 0% used [0x00000000e1780000,0x00000000e1780000,0x00000000e2f00000)
  from space 3584K, 99% used [0x00000000e3280000,0x00000000e35fc880,0x00000000e3600000)
  to   space 3584K, 0% used [0x00000000e2f00000,0x00000000e2f00000,0x00000000e3280000)
 ParOldGen       total 62976K, used 1570K [0x00000000a4600000, 0x00000000a8380000, 0x00000000e1780000)
  object space 62976K, 2% used [0x00000000a4600000,0x00000000a47889e8,0x00000000a8380000)
 Metaspace       used 20018K, capacity 20260K, committed 20352K, reserved 1067008K
  class space    used 2560K, capacity 2655K, committed 2688K, reserved 1048576K
}

